{"/Users/tonyplascencia/boosis-bot/src/core/backtest-engine.js": {"path":"/Users/tonyplascencia/boosis-bot/src/core/backtest-engine.js","statementMap":{"0":{"start":{"line":2,"column":11},"end":{"line":2,"column":32}},"1":{"start":{"line":3,"column":15},"end":{"line":3,"column":34}},"2":{"start":{"line":7,"column":8},"end":{"line":7,"column":31}},"3":{"start":{"line":18,"column":8},"end":{"line":49,"column":9}},"4":{"start":{"line":19,"column":12},"end":{"line":19,"column":81}},"5":{"start":{"line":22,"column":28},"end":{"line":22,"column":74}},"6":{"start":{"line":24,"column":12},"end":{"line":26,"column":13}},"7":{"start":{"line":25,"column":16},"end":{"line":25,"column":74}},"8":{"start":{"line":29,"column":28},"end":{"line":29,"column":66}},"9":{"start":{"line":32,"column":28},"end":{"line":32,"column":59}},"10":{"start":{"line":34,"column":12},"end":{"line":34,"column":94}},"11":{"start":{"line":36,"column":12},"end":{"line":45,"column":14}},"12":{"start":{"line":47,"column":12},"end":{"line":47,"column":65}},"13":{"start":{"line":48,"column":12},"end":{"line":48,"column":24}},"14":{"start":{"line":56,"column":8},"end":{"line":80,"column":9}},"15":{"start":{"line":58,"column":28},"end":{"line":58,"column":38}},"16":{"start":{"line":59,"column":30},"end":{"line":59,"column":71}},"17":{"start":{"line":61,"column":27},"end":{"line":73,"column":14}},"18":{"start":{"line":75,"column":12},"end":{"line":75,"column":93}},"19":{"start":{"line":76,"column":12},"end":{"line":76,"column":31}},"20":{"start":{"line":78,"column":12},"end":{"line":78,"column":78}},"21":{"start":{"line":79,"column":12},"end":{"line":79,"column":22}},"22":{"start":{"line":87,"column":22},"end":{"line":87,"column":39}},"23":{"start":{"line":89,"column":8},"end":{"line":96,"column":9}},"24":{"start":{"line":90,"column":23},"end":{"line":90,"column":60}},"25":{"start":{"line":90,"column":61},"end":{"line":90,"column":67}},"26":{"start":{"line":91,"column":23},"end":{"line":91,"column":60}},"27":{"start":{"line":91,"column":61},"end":{"line":91,"column":67}},"28":{"start":{"line":92,"column":23},"end":{"line":92,"column":60}},"29":{"start":{"line":92,"column":61},"end":{"line":92,"column":67}},"30":{"start":{"line":93,"column":23},"end":{"line":93,"column":66}},"31":{"start":{"line":93,"column":67},"end":{"line":93,"column":73}},"32":{"start":{"line":94,"column":23},"end":{"line":94,"column":66}},"33":{"start":{"line":94,"column":67},"end":{"line":94,"column":73}},"34":{"start":{"line":95,"column":21},"end":{"line":95,"column":58}},"35":{"start":{"line":98,"column":8},"end":{"line":98,"column":21}},"36":{"start":{"line":105,"column":23},"end":{"line":105,"column":25}},"37":{"start":{"line":106,"column":23},"end":{"line":106,"column":67}},"38":{"start":{"line":107,"column":20},"end":{"line":107,"column":25}},"39":{"start":{"line":109,"column":23},"end":{"line":109,"column":27}},"40":{"start":{"line":110,"column":22},"end":{"line":110,"column":25}},"41":{"start":{"line":111,"column":25},"end":{"line":111,"column":28}},"42":{"start":{"line":113,"column":8},"end":{"line":174,"column":9}},"43":{"start":{"line":113,"column":21},"end":{"line":113,"column":22}},"44":{"start":{"line":114,"column":27},"end":{"line":114,"column":37}},"45":{"start":{"line":117,"column":26},"end":{"line":117,"column":50}},"46":{"start":{"line":120,"column":34},"end":{"line":120,"column":73}},"47":{"start":{"line":121,"column":33},"end":{"line":121,"column":71}},"48":{"start":{"line":122,"column":34},"end":{"line":122,"column":73}},"49":{"start":{"line":123,"column":29},"end":{"line":123,"column":54}},"50":{"start":{"line":126,"column":12},"end":{"line":165,"column":13}},"51":{"start":{"line":128,"column":16},"end":{"line":144,"column":17}},"52":{"start":{"line":129,"column":20},"end":{"line":133,"column":22}},"53":{"start":{"line":136,"column":20},"end":{"line":136,"column":50}},"54":{"start":{"line":138,"column":20},"end":{"line":143,"column":23}},"55":{"start":{"line":145,"column":19},"end":{"line":165,"column":13}},"56":{"start":{"line":147,"column":28},"end":{"line":147,"column":79}},"57":{"start":{"line":148,"column":33},"end":{"line":148,"column":67}},"58":{"start":{"line":150,"column":16},"end":{"line":164,"column":17}},"59":{"start":{"line":152,"column":20},"end":{"line":152,"column":62}},"60":{"start":{"line":153,"column":20},"end":{"line":153,"column":63}},"61":{"start":{"line":155,"column":20},"end":{"line":161,"column":23}},"62":{"start":{"line":163,"column":20},"end":{"line":163,"column":36}},"63":{"start":{"line":168,"column":12},"end":{"line":173,"column":13}},"64":{"start":{"line":169,"column":16},"end":{"line":172,"column":19}},"65":{"start":{"line":176,"column":8},"end":{"line":181,"column":10}},"66":{"start":{"line":188,"column":8},"end":{"line":188,"column":68}},"67":{"start":{"line":188,"column":28},"end":{"line":188,"column":68}},"68":{"start":{"line":190,"column":27},"end":{"line":190,"column":43}},"69":{"start":{"line":191,"column":18},"end":{"line":191,"column":59}},"70":{"start":{"line":193,"column":8},"end":{"line":195,"column":9}},"71":{"start":{"line":193,"column":21},"end":{"line":193,"column":39}},"72":{"start":{"line":194,"column":12},"end":{"line":194,"column":74}},"73":{"start":{"line":197,"column":8},"end":{"line":197,"column":19}},"74":{"start":{"line":204,"column":8},"end":{"line":204,"column":38}},"75":{"start":{"line":204,"column":28},"end":{"line":204,"column":38}},"76":{"start":{"line":206,"column":20},"end":{"line":206,"column":21}},"77":{"start":{"line":207,"column":21},"end":{"line":207,"column":22}},"78":{"start":{"line":209,"column":8},"end":{"line":213,"column":9}},"79":{"start":{"line":209,"column":21},"end":{"line":209,"column":35}},"80":{"start":{"line":210,"column":25},"end":{"line":210,"column":88}},"81":{"start":{"line":211,"column":12},"end":{"line":212,"column":42}},"82":{"start":{"line":211,"column":26},"end":{"line":211,"column":40}},"83":{"start":{"line":212,"column":17},"end":{"line":212,"column":42}},"84":{"start":{"line":215,"column":24},"end":{"line":215,"column":38}},"85":{"start":{"line":216,"column":24},"end":{"line":216,"column":39}},"86":{"start":{"line":217,"column":8},"end":{"line":217,"column":38}},"87":{"start":{"line":217,"column":27},"end":{"line":217,"column":38}},"88":{"start":{"line":219,"column":19},"end":{"line":219,"column":36}},"89":{"start":{"line":220,"column":8},"end":{"line":220,"column":38}},"90":{"start":{"line":227,"column":8},"end":{"line":227,"column":69}},"91":{"start":{"line":227,"column":28},"end":{"line":227,"column":69}},"92":{"start":{"line":229,"column":18},"end":{"line":229,"column":19}},"93":{"start":{"line":230,"column":8},"end":{"line":232,"column":9}},"94":{"start":{"line":230,"column":21},"end":{"line":230,"column":39}},"95":{"start":{"line":231,"column":12},"end":{"line":231,"column":48}},"96":{"start":{"line":234,"column":23},"end":{"line":234,"column":35}},"97":{"start":{"line":236,"column":23},"end":{"line":236,"column":24}},"98":{"start":{"line":237,"column":8},"end":{"line":239,"column":9}},"99":{"start":{"line":237,"column":21},"end":{"line":237,"column":39}},"100":{"start":{"line":238,"column":12},"end":{"line":238,"column":75}},"101":{"start":{"line":241,"column":29},"end":{"line":241,"column":57}},"102":{"start":{"line":243,"column":8},"end":{"line":247,"column":10}},"103":{"start":{"line":254,"column":27},"end":{"line":254,"column":72}},"104":{"start":{"line":254,"column":54},"end":{"line":254,"column":71}},"105":{"start":{"line":255,"column":30},"end":{"line":255,"column":70}},"106":{"start":{"line":255,"column":53},"end":{"line":255,"column":62}},"107":{"start":{"line":256,"column":29},"end":{"line":256,"column":69}},"108":{"start":{"line":256,"column":52},"end":{"line":256,"column":61}},"109":{"start":{"line":258,"column":24},"end":{"line":258,"column":93}},"110":{"start":{"line":261,"column":24},"end":{"line":261,"column":26}},"111":{"start":{"line":262,"column":8},"end":{"line":265,"column":9}},"112":{"start":{"line":262,"column":21},"end":{"line":262,"column":22}},"113":{"start":{"line":263,"column":24},"end":{"line":263,"column":109}},"114":{"start":{"line":264,"column":12},"end":{"line":264,"column":30}},"115":{"start":{"line":267,"column":26},"end":{"line":267,"column":99}},"116":{"start":{"line":267,"column":72},"end":{"line":267,"column":77}},"117":{"start":{"line":268,"column":23},"end":{"line":270,"column":15}},"118":{"start":{"line":269,"column":50},"end":{"line":269,"column":81}},"119":{"start":{"line":271,"column":28},"end":{"line":271,"column":82}},"120":{"start":{"line":274,"column":20},"end":{"line":274,"column":21}},"121":{"start":{"line":275,"column":19},"end":{"line":275,"column":22}},"122":{"start":{"line":276,"column":8},"end":{"line":280,"column":9}},"123":{"start":{"line":277,"column":12},"end":{"line":277,"column":55}},"124":{"start":{"line":277,"column":36},"end":{"line":277,"column":55}},"125":{"start":{"line":278,"column":23},"end":{"line":278,"column":58}},"126":{"start":{"line":279,"column":12},"end":{"line":279,"column":39}},"127":{"start":{"line":279,"column":28},"end":{"line":279,"column":39}},"128":{"start":{"line":283,"column":26},"end":{"line":283,"column":94}},"129":{"start":{"line":283,"column":49},"end":{"line":283,"column":58}},"130":{"start":{"line":283,"column":79},"end":{"line":283,"column":90}},"131":{"start":{"line":284,"column":28},"end":{"line":284,"column":106}},"132":{"start":{"line":284,"column":60},"end":{"line":284,"column":69}},"133":{"start":{"line":284,"column":90},"end":{"line":284,"column":101}},"134":{"start":{"line":285,"column":29},"end":{"line":285,"column":99}},"135":{"start":{"line":287,"column":8},"end":{"line":296,"column":10}},"136":{"start":{"line":300,"column":0},"end":{"line":300,"column":38}}},"fnMap":{"0":{"name":"(anonymous_0)","decl":{"start":{"line":6,"column":4},"end":{"line":6,"column":5}},"loc":{"start":{"line":6,"column":18},"end":{"line":8,"column":5}},"line":6},"1":{"name":"(anonymous_1)","decl":{"start":{"line":17,"column":4},"end":{"line":17,"column":5}},"loc":{"start":{"line":17,"column":53},"end":{"line":50,"column":5}},"line":17},"2":{"name":"(anonymous_2)","decl":{"start":{"line":55,"column":4},"end":{"line":55,"column":5}},"loc":{"start":{"line":55,"column":46},"end":{"line":81,"column":5}},"line":55},"3":{"name":"(anonymous_3)","decl":{"start":{"line":86,"column":4},"end":{"line":86,"column":5}},"loc":{"start":{"line":86,"column":41},"end":{"line":99,"column":5}},"line":86},"4":{"name":"(anonymous_4)","decl":{"start":{"line":104,"column":4},"end":{"line":104,"column":5}},"loc":{"start":{"line":104,"column":38},"end":{"line":182,"column":5}},"line":104},"5":{"name":"(anonymous_5)","decl":{"start":{"line":187,"column":4},"end":{"line":187,"column":5}},"loc":{"start":{"line":187,"column":33},"end":{"line":198,"column":5}},"line":187},"6":{"name":"(anonymous_6)","decl":{"start":{"line":203,"column":4},"end":{"line":203,"column":5}},"loc":{"start":{"line":203,"column":33},"end":{"line":221,"column":5}},"line":203},"7":{"name":"(anonymous_7)","decl":{"start":{"line":226,"column":4},"end":{"line":226,"column":5}},"loc":{"start":{"line":226,"column":52},"end":{"line":248,"column":5}},"line":226},"8":{"name":"(anonymous_8)","decl":{"start":{"line":253,"column":4},"end":{"line":253,"column":5}},"loc":{"start":{"line":253,"column":31},"end":{"line":297,"column":5}},"line":253},"9":{"name":"(anonymous_9)","decl":{"start":{"line":254,"column":49},"end":{"line":254,"column":50}},"loc":{"start":{"line":254,"column":54},"end":{"line":254,"column":71}},"line":254},"10":{"name":"(anonymous_10)","decl":{"start":{"line":255,"column":48},"end":{"line":255,"column":49}},"loc":{"start":{"line":255,"column":53},"end":{"line":255,"column":62}},"line":255},"11":{"name":"(anonymous_11)","decl":{"start":{"line":256,"column":47},"end":{"line":256,"column":48}},"loc":{"start":{"line":256,"column":52},"end":{"line":256,"column":61}},"line":256},"12":{"name":"(anonymous_12)","decl":{"start":{"line":267,"column":62},"end":{"line":267,"column":63}},"loc":{"start":{"line":267,"column":72},"end":{"line":267,"column":77}},"line":267},"13":{"name":"(anonymous_13)","decl":{"start":{"line":269,"column":39},"end":{"line":269,"column":40}},"loc":{"start":{"line":269,"column":50},"end":{"line":269,"column":81}},"line":269},"14":{"name":"(anonymous_14)","decl":{"start":{"line":283,"column":44},"end":{"line":283,"column":45}},"loc":{"start":{"line":283,"column":49},"end":{"line":283,"column":58}},"line":283},"15":{"name":"(anonymous_15)","decl":{"start":{"line":283,"column":67},"end":{"line":283,"column":68}},"loc":{"start":{"line":283,"column":79},"end":{"line":283,"column":90}},"line":283},"16":{"name":"(anonymous_16)","decl":{"start":{"line":284,"column":55},"end":{"line":284,"column":56}},"loc":{"start":{"line":284,"column":60},"end":{"line":284,"column":69}},"line":284},"17":{"name":"(anonymous_17)","decl":{"start":{"line":284,"column":78},"end":{"line":284,"column":79}},"loc":{"start":{"line":284,"column":90},"end":{"line":284,"column":101}},"line":284}},"branchMap":{"0":{"loc":{"start":{"line":17,"column":38},"end":{"line":17,"column":51}},"type":"default-arg","locations":[{"start":{"line":17,"column":47},"end":{"line":17,"column":51}}],"line":17},"1":{"loc":{"start":{"line":24,"column":12},"end":{"line":26,"column":13}},"type":"if","locations":[{"start":{"line":24,"column":12},"end":{"line":26,"column":13}},{"start":{},"end":{}}],"line":24},"2":{"loc":{"start":{"line":89,"column":8},"end":{"line":96,"column":9}},"type":"switch","locations":[{"start":{"line":90,"column":12},"end":{"line":90,"column":67}},{"start":{"line":91,"column":12},"end":{"line":91,"column":67}},{"start":{"line":92,"column":12},"end":{"line":92,"column":67}},{"start":{"line":93,"column":12},"end":{"line":93,"column":73}},{"start":{"line":94,"column":12},"end":{"line":94,"column":73}},{"start":{"line":95,"column":12},"end":{"line":95,"column":58}}],"line":89},"3":{"loc":{"start":{"line":126,"column":12},"end":{"line":165,"column":13}},"type":"if","locations":[{"start":{"line":126,"column":12},"end":{"line":165,"column":13}},{"start":{"line":145,"column":19},"end":{"line":165,"column":13}}],"line":126},"4":{"loc":{"start":{"line":128,"column":16},"end":{"line":144,"column":17}},"type":"if","locations":[{"start":{"line":128,"column":16},"end":{"line":144,"column":17}},{"start":{},"end":{}}],"line":128},"5":{"loc":{"start":{"line":128,"column":20},"end":{"line":128,"column":109}},"type":"binary-expr","locations":[{"start":{"line":128,"column":20},"end":{"line":128,"column":45}},{"start":{"line":128,"column":49},"end":{"line":128,"column":77}},{"start":{"line":128,"column":81},"end":{"line":128,"column":109}}],"line":128},"6":{"loc":{"start":{"line":145,"column":19},"end":{"line":165,"column":13}},"type":"if","locations":[{"start":{"line":145,"column":19},"end":{"line":165,"column":13}},{"start":{},"end":{}}],"line":145},"7":{"loc":{"start":{"line":148,"column":43},"end":{"line":148,"column":66}},"type":"binary-expr","locations":[{"start":{"line":148,"column":43},"end":{"line":148,"column":58}},{"start":{"line":148,"column":62},"end":{"line":148,"column":66}}],"line":148},"8":{"loc":{"start":{"line":150,"column":16},"end":{"line":164,"column":17}},"type":"if","locations":[{"start":{"line":150,"column":16},"end":{"line":164,"column":17}},{"start":{},"end":{}}],"line":150},"9":{"loc":{"start":{"line":150,"column":20},"end":{"line":150,"column":64}},"type":"binary-expr","locations":[{"start":{"line":150,"column":20},"end":{"line":150,"column":46}},{"start":{"line":150,"column":50},"end":{"line":150,"column":64}}],"line":150},"10":{"loc":{"start":{"line":160,"column":32},"end":{"line":160,"column":73}},"type":"cond-expr","locations":[{"start":{"line":160,"column":61},"end":{"line":160,"column":66}},{"start":{"line":160,"column":69},"end":{"line":160,"column":73}}],"line":160},"11":{"loc":{"start":{"line":168,"column":12},"end":{"line":173,"column":13}},"type":"if","locations":[{"start":{"line":168,"column":12},"end":{"line":173,"column":13}},{"start":{},"end":{}}],"line":168},"12":{"loc":{"start":{"line":168,"column":16},"end":{"line":168,"column":57}},"type":"binary-expr","locations":[{"start":{"line":168,"column":16},"end":{"line":168,"column":29}},{"start":{"line":168,"column":33},"end":{"line":168,"column":57}}],"line":168},"13":{"loc":{"start":{"line":188,"column":8},"end":{"line":188,"column":68}},"type":"if","locations":[{"start":{"line":188,"column":8},"end":{"line":188,"column":68}},{"start":{},"end":{}}],"line":188},"14":{"loc":{"start":{"line":204,"column":8},"end":{"line":204,"column":38}},"type":"if","locations":[{"start":{"line":204,"column":8},"end":{"line":204,"column":38}},{"start":{},"end":{}}],"line":204},"15":{"loc":{"start":{"line":211,"column":12},"end":{"line":212,"column":42}},"type":"if","locations":[{"start":{"line":211,"column":12},"end":{"line":212,"column":42}},{"start":{"line":212,"column":17},"end":{"line":212,"column":42}}],"line":211},"16":{"loc":{"start":{"line":217,"column":8},"end":{"line":217,"column":38}},"type":"if","locations":[{"start":{"line":217,"column":8},"end":{"line":217,"column":38}},{"start":{},"end":{}}],"line":217},"17":{"loc":{"start":{"line":227,"column":8},"end":{"line":227,"column":69}},"type":"if","locations":[{"start":{"line":227,"column":8},"end":{"line":227,"column":69}},{"start":{},"end":{}}],"line":227},"18":{"loc":{"start":{"line":258,"column":24},"end":{"line":258,"column":93}},"type":"cond-expr","locations":[{"start":{"line":258,"column":48},"end":{"line":258,"column":89}},{"start":{"line":258,"column":92},"end":{"line":258,"column":93}}],"line":258},"19":{"loc":{"start":{"line":267,"column":26},"end":{"line":267,"column":99}},"type":"cond-expr","locations":[{"start":{"line":267,"column":47},"end":{"line":267,"column":95}},{"start":{"line":267,"column":98},"end":{"line":267,"column":99}}],"line":267},"20":{"loc":{"start":{"line":268,"column":23},"end":{"line":270,"column":15}},"type":"cond-expr","locations":[{"start":{"line":269,"column":14},"end":{"line":269,"column":109}},{"start":{"line":270,"column":14},"end":{"line":270,"column":15}}],"line":268},"21":{"loc":{"start":{"line":271,"column":28},"end":{"line":271,"column":82}},"type":"cond-expr","locations":[{"start":{"line":271,"column":41},"end":{"line":271,"column":78}},{"start":{"line":271,"column":81},"end":{"line":271,"column":82}}],"line":271},"22":{"loc":{"start":{"line":277,"column":12},"end":{"line":277,"column":55}},"type":"if","locations":[{"start":{"line":277,"column":12},"end":{"line":277,"column":55}},{"start":{},"end":{}}],"line":277},"23":{"loc":{"start":{"line":279,"column":12},"end":{"line":279,"column":39}},"type":"if","locations":[{"start":{"line":279,"column":12},"end":{"line":279,"column":39}},{"start":{},"end":{}}],"line":279},"24":{"loc":{"start":{"line":285,"column":29},"end":{"line":285,"column":99}},"type":"cond-expr","locations":[{"start":{"line":285,"column":47},"end":{"line":285,"column":70}},{"start":{"line":285,"column":74},"end":{"line":285,"column":98}}],"line":285},"25":{"loc":{"start":{"line":285,"column":74},"end":{"line":285,"column":98}},"type":"cond-expr","locations":[{"start":{"line":285,"column":90},"end":{"line":285,"column":94}},{"start":{"line":285,"column":97},"end":{"line":285,"column":98}}],"line":285}},"s":{"0":1,"1":1,"2":1,"3":0,"4":0,"5":0,"6":0,"7":0,"8":0,"9":0,"10":0,"11":0,"12":0,"13":0,"14":0,"15":0,"16":0,"17":0,"18":0,"19":0,"20":0,"21":0,"22":6,"23":6,"24":1,"25":1,"26":1,"27":1,"28":1,"29":1,"30":1,"31":1,"32":1,"33":1,"34":1,"35":6,"36":5,"37":5,"38":5,"39":5,"40":5,"41":5,"42":5,"43":5,"44":1000,"45":1000,"46":1000,"47":1000,"48":1000,"49":1000,"50":1000,"51":1000,"52":0,"53":0,"54":0,"55":0,"56":0,"57":0,"58":0,"59":0,"60":0,"61":0,"62":0,"63":1000,"64":10,"65":5,"66":3002,"67":441,"68":2561,"69":2561,"70":2561,"71":2561,"72":71410,"73":2561,"74":1002,"75":71,"76":931,"77":931,"78":931,"79":931,"80":13034,"81":13034,"82":6665,"83":6369,"84":931,"85":931,"86":931,"87":0,"88":931,"89":931,"90":2,"91":1,"92":1,"93":1,"94":1,"95":20,"96":1,"97":1,"98":1,"99":1,"100":20,"101":1,"102":1,"103":3,"104":4,"105":3,"106":2,"107":3,"108":2,"109":3,"110":3,"111":3,"112":3,"113":5,"114":5,"115":3,"116":3,"117":3,"118":5,"119":3,"120":3,"121":3,"122":3,"123":8,"124":2,"125":8,"126":8,"127":2,"128":3,"129":2,"130":1,"131":3,"132":2,"133":1,"134":3,"135":3,"136":1},"f":{"0":1,"1":0,"2":0,"3":6,"4":5,"5":3002,"6":1002,"7":2,"8":3,"9":4,"10":2,"11":2,"12":3,"13":5,"14":2,"15":1,"16":2,"17":1},"b":{"0":[0],"1":[0,0],"2":[1,1,1,1,1,1],"3":[1000,0],"4":[0,1000],"5":[1000,30,0],"6":[0,0],"7":[0,0],"8":[0,0],"9":[0,0],"10":[0,0],"11":[10,990],"12":[1000,995],"13":[441,2561],"14":[71,931],"15":[6665,6369],"16":[0,931],"17":[1,1],"18":[1,2],"19":[2,1],"20":[2,1],"21":[2,1],"22":[2,6],"23":[2,6],"24":[1,2],"25":[0,2]},"_coverageSchema":"1a1c01bbd47fc00a2c39e90264f33305004495a9","hash":"caae82b60b08f783a2dbf8cbf0a956d9c85ccdf1"}
,"/Users/tonyplascencia/boosis-bot/src/core/technical_indicators.js": {"path":"/Users/tonyplascencia/boosis-bot/src/core/technical_indicators.js","statementMap":{"0":{"start":{"line":1,"column":11},"end":{"line":1,"column":41}},"1":{"start":{"line":8,"column":8},"end":{"line":8,"column":46}},"2":{"start":{"line":8,"column":34},"end":{"line":8,"column":46}},"3":{"start":{"line":9,"column":24},"end":{"line":9,"column":74}},"4":{"start":{"line":10,"column":8},"end":{"line":10,"column":43}},"5":{"start":{"line":17,"column":8},"end":{"line":17,"column":46}},"6":{"start":{"line":17,"column":34},"end":{"line":17,"column":46}},"7":{"start":{"line":18,"column":24},"end":{"line":18,"column":74}},"8":{"start":{"line":19,"column":8},"end":{"line":19,"column":43}},"9":{"start":{"line":26,"column":8},"end":{"line":26,"column":50}},"10":{"start":{"line":26,"column":38},"end":{"line":26,"column":50}},"11":{"start":{"line":27,"column":24},"end":{"line":27,"column":74}},"12":{"start":{"line":28,"column":8},"end":{"line":28,"column":43}},"13":{"start":{"line":35,"column":8},"end":{"line":35,"column":46}},"14":{"start":{"line":35,"column":34},"end":{"line":35,"column":46}},"15":{"start":{"line":36,"column":24},"end":{"line":40,"column":10}},"16":{"start":{"line":41,"column":8},"end":{"line":41,"column":43}},"17":{"start":{"line":48,"column":8},"end":{"line":48,"column":65}},"18":{"start":{"line":48,"column":53},"end":{"line":48,"column":65}},"19":{"start":{"line":49,"column":24},"end":{"line":56,"column":10}},"20":{"start":{"line":57,"column":8},"end":{"line":57,"column":43}},"21":{"start":{"line":64,"column":8},"end":{"line":64,"column":94}},"22":{"start":{"line":64,"column":82},"end":{"line":64,"column":94}},"23":{"start":{"line":65,"column":8},"end":{"line":65,"column":41}},"24":{"start":{"line":65,"column":29},"end":{"line":65,"column":41}},"25":{"start":{"line":67,"column":27},"end":{"line":67,"column":29}},"26":{"start":{"line":68,"column":8},"end":{"line":73,"column":9}},"27":{"start":{"line":68,"column":21},"end":{"line":68,"column":22}},"28":{"start":{"line":69,"column":24},"end":{"line":69,"column":40}},"29":{"start":{"line":70,"column":24},"end":{"line":70,"column":56}},"30":{"start":{"line":71,"column":24},"end":{"line":71,"column":55}},"31":{"start":{"line":72,"column":12},"end":{"line":72,"column":53}},"32":{"start":{"line":75,"column":8},"end":{"line":75,"column":52}},"33":{"start":{"line":75,"column":40},"end":{"line":75,"column":52}},"34":{"start":{"line":76,"column":22},"end":{"line":76,"column":47}},"35":{"start":{"line":77,"column":20},"end":{"line":77,"column":69}},"36":{"start":{"line":77,"column":47},"end":{"line":77,"column":56}},"37":{"start":{"line":79,"column":8},"end":{"line":79,"column":19}},"38":{"start":{"line":83,"column":0},"end":{"line":83,"column":37}}},"fnMap":{"0":{"name":"(anonymous_0)","decl":{"start":{"line":7,"column":4},"end":{"line":7,"column":5}},"loc":{"start":{"line":7,"column":38},"end":{"line":11,"column":5}},"line":7},"1":{"name":"(anonymous_1)","decl":{"start":{"line":16,"column":4},"end":{"line":16,"column":5}},"loc":{"start":{"line":16,"column":38},"end":{"line":20,"column":5}},"line":16},"2":{"name":"(anonymous_2)","decl":{"start":{"line":25,"column":4},"end":{"line":25,"column":5}},"loc":{"start":{"line":25,"column":43},"end":{"line":29,"column":5}},"line":25},"3":{"name":"(anonymous_3)","decl":{"start":{"line":34,"column":4},"end":{"line":34,"column":5}},"loc":{"start":{"line":34,"column":66},"end":{"line":42,"column":5}},"line":34},"4":{"name":"(anonymous_4)","decl":{"start":{"line":47,"column":4},"end":{"line":47,"column":5}},"loc":{"start":{"line":47,"column":83},"end":{"line":58,"column":5}},"line":47},"5":{"name":"(anonymous_5)","decl":{"start":{"line":63,"column":4},"end":{"line":63,"column":5}},"loc":{"start":{"line":63,"column":55},"end":{"line":80,"column":5}},"line":63},"6":{"name":"(anonymous_6)","decl":{"start":{"line":77,"column":33},"end":{"line":77,"column":34}},"loc":{"start":{"line":77,"column":47},"end":{"line":77,"column":56}},"line":77}},"branchMap":{"0":{"loc":{"start":{"line":8,"column":8},"end":{"line":8,"column":46}},"type":"if","locations":[{"start":{"line":8,"column":8},"end":{"line":8,"column":46}},{"start":{},"end":{}}],"line":8},"1":{"loc":{"start":{"line":17,"column":8},"end":{"line":17,"column":46}},"type":"if","locations":[{"start":{"line":17,"column":8},"end":{"line":17,"column":46}},{"start":{},"end":{}}],"line":17},"2":{"loc":{"start":{"line":25,"column":30},"end":{"line":25,"column":41}},"type":"default-arg","locations":[{"start":{"line":25,"column":39},"end":{"line":25,"column":41}}],"line":25},"3":{"loc":{"start":{"line":26,"column":8},"end":{"line":26,"column":50}},"type":"if","locations":[{"start":{"line":26,"column":8},"end":{"line":26,"column":50}},{"start":{},"end":{}}],"line":26},"4":{"loc":{"start":{"line":34,"column":41},"end":{"line":34,"column":52}},"type":"default-arg","locations":[{"start":{"line":34,"column":50},"end":{"line":34,"column":52}}],"line":34},"5":{"loc":{"start":{"line":34,"column":54},"end":{"line":34,"column":64}},"type":"default-arg","locations":[{"start":{"line":34,"column":63},"end":{"line":34,"column":64}}],"line":34},"6":{"loc":{"start":{"line":35,"column":8},"end":{"line":35,"column":46}},"type":"if","locations":[{"start":{"line":35,"column":8},"end":{"line":35,"column":46}},{"start":{},"end":{}}],"line":35},"7":{"loc":{"start":{"line":47,"column":31},"end":{"line":47,"column":46}},"type":"default-arg","locations":[{"start":{"line":47,"column":44},"end":{"line":47,"column":46}}],"line":47},"8":{"loc":{"start":{"line":47,"column":48},"end":{"line":47,"column":63}},"type":"default-arg","locations":[{"start":{"line":47,"column":61},"end":{"line":47,"column":63}}],"line":47},"9":{"loc":{"start":{"line":47,"column":65},"end":{"line":47,"column":81}},"type":"default-arg","locations":[{"start":{"line":47,"column":80},"end":{"line":47,"column":81}}],"line":47},"10":{"loc":{"start":{"line":48,"column":8},"end":{"line":48,"column":65}},"type":"if","locations":[{"start":{"line":48,"column":8},"end":{"line":48,"column":65}},{"start":{},"end":{}}],"line":48},"11":{"loc":{"start":{"line":63,"column":42},"end":{"line":63,"column":53}},"type":"default-arg","locations":[{"start":{"line":63,"column":51},"end":{"line":63,"column":53}}],"line":63},"12":{"loc":{"start":{"line":64,"column":8},"end":{"line":64,"column":94}},"type":"if","locations":[{"start":{"line":64,"column":8},"end":{"line":64,"column":94}},{"start":{},"end":{}}],"line":64},"13":{"loc":{"start":{"line":64,"column":12},"end":{"line":64,"column":80}},"type":"binary-expr","locations":[{"start":{"line":64,"column":12},"end":{"line":64,"column":32}},{"start":{"line":64,"column":36},"end":{"line":64,"column":55}},{"start":{"line":64,"column":59},"end":{"line":64,"column":80}}],"line":64},"14":{"loc":{"start":{"line":65,"column":8},"end":{"line":65,"column":41}},"type":"if","locations":[{"start":{"line":65,"column":8},"end":{"line":65,"column":41}},{"start":{},"end":{}}],"line":65},"15":{"loc":{"start":{"line":75,"column":8},"end":{"line":75,"column":52}},"type":"if","locations":[{"start":{"line":75,"column":8},"end":{"line":75,"column":52}},{"start":{},"end":{}}],"line":75}},"s":{"0":2,"1":2,"2":1,"3":1,"4":1,"5":20,"6":1,"7":19,"8":19,"9":8,"10":1,"11":7,"12":7,"13":8,"14":1,"15":7,"16":7,"17":2,"18":1,"19":1,"20":1,"21":3,"22":1,"23":2,"24":1,"25":1,"26":1,"27":1,"28":49,"29":49,"30":49,"31":49,"32":1,"33":0,"34":1,"35":1,"36":14,"37":1,"38":2},"f":{"0":2,"1":20,"2":8,"3":8,"4":2,"5":3,"6":14},"b":{"0":[1,1],"1":[1,19],"2":[0],"3":[1,7],"4":[0],"5":[0],"6":[1,7],"7":[0],"8":[0],"9":[0],"10":[1,1],"11":[0],"12":[1,2],"13":[3,2,2],"14":[1,1],"15":[0,1]},"_coverageSchema":"1a1c01bbd47fc00a2c39e90264f33305004495a9","hash":"9f4857e63ae122656e002a2546d29fc340045e08"}
,"/Users/tonyplascencia/boosis-bot/src/core/validators.js": {"path":"/Users/tonyplascencia/boosis-bot/src/core/validators.js","statementMap":{"0":{"start":{"line":3,"column":23},"end":{"line":3,"column":42}},"1":{"start":{"line":4,"column":8},"end":{"line":6,"column":9}},"2":{"start":{"line":5,"column":12},"end":{"line":5,"column":63}},"3":{"start":{"line":7,"column":8},"end":{"line":7,"column":22}},"4":{"start":{"line":11,"column":8},"end":{"line":13,"column":9}},"5":{"start":{"line":12,"column":12},"end":{"line":12,"column":75}},"6":{"start":{"line":14,"column":8},"end":{"line":14,"column":24}},"7":{"start":{"line":18,"column":22},"end":{"line":18,"column":55}},"8":{"start":{"line":19,"column":8},"end":{"line":21,"column":9}},"9":{"start":{"line":20,"column":12},"end":{"line":20,"column":75}},"10":{"start":{"line":22,"column":8},"end":{"line":22,"column":22}},"11":{"start":{"line":26,"column":20},"end":{"line":26,"column":37}},"12":{"start":{"line":27,"column":8},"end":{"line":29,"column":9}},"13":{"start":{"line":28,"column":12},"end":{"line":28,"column":65}},"14":{"start":{"line":30,"column":8},"end":{"line":30,"column":19}},"15":{"start":{"line":34,"column":20},"end":{"line":34,"column":38}},"16":{"start":{"line":35,"column":8},"end":{"line":37,"column":9}},"17":{"start":{"line":36,"column":12},"end":{"line":36,"column":66}},"18":{"start":{"line":38,"column":8},"end":{"line":38,"column":19}},"19":{"start":{"line":42,"column":22},"end":{"line":42,"column":50}},"20":{"start":{"line":43,"column":8},"end":{"line":45,"column":9}},"21":{"start":{"line":44,"column":12},"end":{"line":44,"column":46}},"22":{"start":{"line":46,"column":8},"end":{"line":46,"column":35}},"23":{"start":{"line":50,"column":0},"end":{"line":50,"column":34}}},"fnMap":{"0":{"name":"(anonymous_0)","decl":{"start":{"line":2,"column":4},"end":{"line":2,"column":5}},"loc":{"start":{"line":2,"column":25},"end":{"line":8,"column":5}},"line":2},"1":{"name":"(anonymous_1)","decl":{"start":{"line":10,"column":4},"end":{"line":10,"column":5}},"loc":{"start":{"line":10,"column":31},"end":{"line":15,"column":5}},"line":10},"2":{"name":"(anonymous_2)","decl":{"start":{"line":17,"column":4},"end":{"line":17,"column":5}},"loc":{"start":{"line":17,"column":27},"end":{"line":23,"column":5}},"line":17},"3":{"name":"(anonymous_3)","decl":{"start":{"line":25,"column":4},"end":{"line":25,"column":5}},"loc":{"start":{"line":25,"column":25},"end":{"line":31,"column":5}},"line":25},"4":{"name":"(anonymous_4)","decl":{"start":{"line":33,"column":4},"end":{"line":33,"column":5}},"loc":{"start":{"line":33,"column":27},"end":{"line":39,"column":5}},"line":33},"5":{"name":"(anonymous_5)","decl":{"start":{"line":41,"column":4},"end":{"line":41,"column":5}},"loc":{"start":{"line":41,"column":25},"end":{"line":47,"column":5}},"line":41}},"branchMap":{"0":{"loc":{"start":{"line":4,"column":8},"end":{"line":6,"column":9}},"type":"if","locations":[{"start":{"line":4,"column":8},"end":{"line":6,"column":9}},{"start":{},"end":{}}],"line":4},"1":{"loc":{"start":{"line":4,"column":12},"end":{"line":4,"column":56}},"type":"binary-expr","locations":[{"start":{"line":4,"column":12},"end":{"line":4,"column":25}},{"start":{"line":4,"column":29},"end":{"line":4,"column":39}},{"start":{"line":4,"column":43},"end":{"line":4,"column":56}}],"line":4},"2":{"loc":{"start":{"line":11,"column":8},"end":{"line":13,"column":9}},"type":"if","locations":[{"start":{"line":11,"column":8},"end":{"line":13,"column":9}},{"start":{},"end":{}}],"line":11},"3":{"loc":{"start":{"line":11,"column":12},"end":{"line":11,"column":44}},"type":"binary-expr","locations":[{"start":{"line":11,"column":12},"end":{"line":11,"column":21}},{"start":{"line":11,"column":25},"end":{"line":11,"column":44}}],"line":11},"4":{"loc":{"start":{"line":19,"column":8},"end":{"line":21,"column":9}},"type":"if","locations":[{"start":{"line":19,"column":8},"end":{"line":21,"column":9}},{"start":{},"end":{}}],"line":19},"5":{"loc":{"start":{"line":27,"column":8},"end":{"line":29,"column":9}},"type":"if","locations":[{"start":{"line":27,"column":8},"end":{"line":29,"column":9}},{"start":{},"end":{}}],"line":27},"6":{"loc":{"start":{"line":27,"column":12},"end":{"line":27,"column":34}},"type":"binary-expr","locations":[{"start":{"line":27,"column":12},"end":{"line":27,"column":22}},{"start":{"line":27,"column":26},"end":{"line":27,"column":34}}],"line":27},"7":{"loc":{"start":{"line":35,"column":8},"end":{"line":37,"column":9}},"type":"if","locations":[{"start":{"line":35,"column":8},"end":{"line":37,"column":9}},{"start":{},"end":{}}],"line":35},"8":{"loc":{"start":{"line":35,"column":12},"end":{"line":35,"column":34}},"type":"binary-expr","locations":[{"start":{"line":35,"column":12},"end":{"line":35,"column":22}},{"start":{"line":35,"column":26},"end":{"line":35,"column":34}}],"line":35},"9":{"loc":{"start":{"line":43,"column":8},"end":{"line":45,"column":9}},"type":"if","locations":[{"start":{"line":43,"column":8},"end":{"line":45,"column":9}},{"start":{},"end":{}}],"line":43}},"s":{"0":9,"1":9,"2":5,"3":4,"4":5,"5":3,"6":2,"7":6,"8":6,"9":3,"10":3,"11":6,"12":6,"13":3,"14":3,"15":6,"16":6,"17":3,"18":3,"19":5,"20":5,"21":3,"22":2,"23":1},"f":{"0":9,"1":5,"2":6,"3":6,"4":6,"5":5},"b":{"0":[5,4],"1":[9,7,5],"2":[3,2],"3":[5,3],"4":[3,3],"5":[3,3],"6":[6,5],"7":[3,3],"8":[6,5],"9":[3,2]},"_coverageSchema":"1a1c01bbd47fc00a2c39e90264f33305004495a9","hash":"8a525645198226d097bd3c8a69ede54901119c30"}
,"/Users/tonyplascencia/boosis-bot/src/strategies/BaseStrategy.js": {"path":"/Users/tonyplascencia/boosis-bot/src/strategies/BaseStrategy.js","statementMap":{"0":{"start":{"line":4,"column":8},"end":{"line":4,"column":25}},"1":{"start":{"line":13,"column":8},"end":{"line":13,"column":65}},"2":{"start":{"line":21,"column":8},"end":{"line":21,"column":20}},"3":{"start":{"line":28,"column":8},"end":{"line":28,"column":29}},"4":{"start":{"line":28,"column":22},"end":{"line":28,"column":29}},"5":{"start":{"line":30,"column":8},"end":{"line":33,"column":9}},"6":{"start":{"line":31,"column":12},"end":{"line":31,"column":47}},"7":{"start":{"line":32,"column":12},"end":{"line":32,"column":49}},"8":{"start":{"line":34,"column":8},"end":{"line":38,"column":9}},"9":{"start":{"line":35,"column":12},"end":{"line":35,"column":46}},"10":{"start":{"line":36,"column":12},"end":{"line":36,"column":44}},"11":{"start":{"line":37,"column":12},"end":{"line":37,"column":46}},"12":{"start":{"line":39,"column":8},"end":{"line":42,"column":9}},"13":{"start":{"line":40,"column":12},"end":{"line":40,"column":46}},"14":{"start":{"line":41,"column":12},"end":{"line":41,"column":46}},"15":{"start":{"line":43,"column":8},"end":{"line":45,"column":9}},"16":{"start":{"line":44,"column":12},"end":{"line":44,"column":52}},"17":{"start":{"line":49,"column":0},"end":{"line":49,"column":30}}},"fnMap":{"0":{"name":"(anonymous_0)","decl":{"start":{"line":3,"column":4},"end":{"line":3,"column":5}},"loc":{"start":{"line":3,"column":22},"end":{"line":5,"column":5}},"line":3},"1":{"name":"(anonymous_1)","decl":{"start":{"line":12,"column":4},"end":{"line":12,"column":5}},"loc":{"start":{"line":12,"column":36},"end":{"line":14,"column":5}},"line":12},"2":{"name":"(anonymous_2)","decl":{"start":{"line":20,"column":4},"end":{"line":20,"column":5}},"loc":{"start":{"line":20,"column":18},"end":{"line":22,"column":5}},"line":20},"3":{"name":"(anonymous_3)","decl":{"start":{"line":27,"column":4},"end":{"line":27,"column":5}},"loc":{"start":{"line":27,"column":23},"end":{"line":46,"column":5}},"line":27}},"branchMap":{"0":{"loc":{"start":{"line":28,"column":8},"end":{"line":28,"column":29}},"type":"if","locations":[{"start":{"line":28,"column":8},"end":{"line":28,"column":29}},{"start":{},"end":{}}],"line":28},"1":{"loc":{"start":{"line":30,"column":8},"end":{"line":33,"column":9}},"type":"if","locations":[{"start":{"line":30,"column":8},"end":{"line":33,"column":9}},{"start":{},"end":{}}],"line":30},"2":{"loc":{"start":{"line":34,"column":8},"end":{"line":38,"column":9}},"type":"if","locations":[{"start":{"line":34,"column":8},"end":{"line":38,"column":9}},{"start":{},"end":{}}],"line":34},"3":{"loc":{"start":{"line":39,"column":8},"end":{"line":42,"column":9}},"type":"if","locations":[{"start":{"line":39,"column":8},"end":{"line":42,"column":9}},{"start":{},"end":{}}],"line":39},"4":{"loc":{"start":{"line":43,"column":8},"end":{"line":45,"column":9}},"type":"if","locations":[{"start":{"line":43,"column":8},"end":{"line":45,"column":9}},{"start":{},"end":{}}],"line":43}},"s":{"0":11,"1":0,"2":0,"3":3,"4":1,"5":2,"6":2,"7":2,"8":2,"9":1,"10":1,"11":1,"12":2,"13":1,"14":1,"15":2,"16":1,"17":1},"f":{"0":11,"1":0,"2":0,"3":3},"b":{"0":[1,2],"1":[2,0],"2":[1,1],"3":[1,1],"4":[1,1]},"_coverageSchema":"1a1c01bbd47fc00a2c39e90264f33305004495a9","hash":"38260636e50df25e0dd6941df12f68f72fc838d7"}
,"/Users/tonyplascencia/boosis-bot/src/strategies/BoosisTrend.js": {"path":"/Users/tonyplascencia/boosis-bot/src/strategies/BoosisTrend.js","statementMap":{"0":{"start":{"line":1,"column":21},"end":{"line":1,"column":46}},"1":{"start":{"line":2,"column":28},"end":{"line":2,"column":67}},"2":{"start":{"line":6,"column":8},"end":{"line":6,"column":39}},"3":{"start":{"line":9,"column":8},"end":{"line":9,"column":30}},"4":{"start":{"line":10,"column":8},"end":{"line":10,"column":31}},"5":{"start":{"line":11,"column":8},"end":{"line":11,"column":27}},"6":{"start":{"line":12,"column":8},"end":{"line":12,"column":26}},"7":{"start":{"line":13,"column":8},"end":{"line":13,"column":27}},"8":{"start":{"line":14,"column":8},"end":{"line":14,"column":27}},"9":{"start":{"line":15,"column":8},"end":{"line":15,"column":28}},"10":{"start":{"line":16,"column":8},"end":{"line":16,"column":36}},"11":{"start":{"line":17,"column":8},"end":{"line":17,"column":41}},"12":{"start":{"line":18,"column":8},"end":{"line":18,"column":31}},"13":{"start":{"line":22,"column":23},"end":{"line":22,"column":57}},"14":{"start":{"line":22,"column":40},"end":{"line":22,"column":56}},"15":{"start":{"line":23,"column":29},"end":{"line":23,"column":50}},"16":{"start":{"line":25,"column":8},"end":{"line":25,"column":55}},"17":{"start":{"line":25,"column":43},"end":{"line":25,"column":55}},"18":{"start":{"line":28,"column":30},"end":{"line":28,"column":85}},"19":{"start":{"line":29,"column":29},"end":{"line":29,"column":83}},"20":{"start":{"line":30,"column":30},"end":{"line":30,"column":85}},"21":{"start":{"line":31,"column":25},"end":{"line":31,"column":69}},"22":{"start":{"line":32,"column":24},"end":{"line":32,"column":105}},"23":{"start":{"line":34,"column":8},"end":{"line":34,"column":100}},"24":{"start":{"line":34,"column":88},"end":{"line":34,"column":100}},"25":{"start":{"line":36,"column":29},"end":{"line":36,"column":89}},"26":{"start":{"line":39,"column":8},"end":{"line":69,"column":9}},"27":{"start":{"line":40,"column":12},"end":{"line":40,"column":85}},"28":{"start":{"line":40,"column":51},"end":{"line":40,"column":85}},"29":{"start":{"line":42,"column":34},"end":{"line":42,"column":73}},"30":{"start":{"line":43,"column":12},"end":{"line":46,"column":13}},"31":{"start":{"line":44,"column":16},"end":{"line":44,"column":39}},"32":{"start":{"line":45,"column":16},"end":{"line":45,"column":130}},"33":{"start":{"line":48,"column":38},"end":{"line":48,"column":89}},"34":{"start":{"line":49,"column":12},"end":{"line":52,"column":13}},"35":{"start":{"line":50,"column":16},"end":{"line":50,"column":39}},"36":{"start":{"line":51,"column":16},"end":{"line":51,"column":88}},"37":{"start":{"line":54,"column":12},"end":{"line":57,"column":13}},"38":{"start":{"line":55,"column":16},"end":{"line":55,"column":39}},"39":{"start":{"line":56,"column":16},"end":{"line":56,"column":114}},"40":{"start":{"line":59,"column":12},"end":{"line":59,"column":35}},"41":{"start":{"line":61,"column":12},"end":{"line":68,"column":13}},"42":{"start":{"line":62,"column":16},"end":{"line":62,"column":50}},"43":{"start":{"line":63,"column":16},"end":{"line":67,"column":18}},"44":{"start":{"line":71,"column":8},"end":{"line":71,"column":20}},"45":{"start":{"line":75,"column":0},"end":{"line":75,"column":29}}},"fnMap":{"0":{"name":"(anonymous_0)","decl":{"start":{"line":5,"column":4},"end":{"line":5,"column":5}},"loc":{"start":{"line":5,"column":18},"end":{"line":19,"column":5}},"line":5},"1":{"name":"(anonymous_1)","decl":{"start":{"line":21,"column":4},"end":{"line":21,"column":5}},"loc":{"start":{"line":21,"column":66},"end":{"line":72,"column":5}},"line":21},"2":{"name":"(anonymous_2)","decl":{"start":{"line":22,"column":35},"end":{"line":22,"column":36}},"loc":{"start":{"line":22,"column":40},"end":{"line":22,"column":56}},"line":22}},"branchMap":{"0":{"loc":{"start":{"line":21,"column":30},"end":{"line":21,"column":48}},"type":"default-arg","locations":[{"start":{"line":21,"column":43},"end":{"line":21,"column":48}}],"line":21},"1":{"loc":{"start":{"line":21,"column":50},"end":{"line":21,"column":64}},"type":"default-arg","locations":[{"start":{"line":21,"column":63},"end":{"line":21,"column":64}}],"line":21},"2":{"loc":{"start":{"line":25,"column":8},"end":{"line":25,"column":55}},"type":"if","locations":[{"start":{"line":25,"column":8},"end":{"line":25,"column":55}},{"start":{},"end":{}}],"line":25},"3":{"loc":{"start":{"line":34,"column":8},"end":{"line":34,"column":100}},"type":"if","locations":[{"start":{"line":34,"column":8},"end":{"line":34,"column":100}},{"start":{},"end":{}}],"line":34},"4":{"loc":{"start":{"line":34,"column":12},"end":{"line":34,"column":86}},"type":"binary-expr","locations":[{"start":{"line":34,"column":12},"end":{"line":34,"column":26}},{"start":{"line":34,"column":30},"end":{"line":34,"column":43}},{"start":{"line":34,"column":47},"end":{"line":34,"column":61}},{"start":{"line":34,"column":65},"end":{"line":34,"column":74}},{"start":{"line":34,"column":78},"end":{"line":34,"column":86}}],"line":34},"5":{"loc":{"start":{"line":36,"column":29},"end":{"line":36,"column":89}},"type":"binary-expr","locations":[{"start":{"line":36,"column":29},"end":{"line":36,"column":57}},{"start":{"line":36,"column":61},"end":{"line":36,"column":89}}],"line":36},"6":{"loc":{"start":{"line":39,"column":8},"end":{"line":69,"column":9}},"type":"if","locations":[{"start":{"line":39,"column":8},"end":{"line":69,"column":9}},{"start":{"line":58,"column":15},"end":{"line":69,"column":9}}],"line":39},"7":{"loc":{"start":{"line":40,"column":12},"end":{"line":40,"column":85}},"type":"if","locations":[{"start":{"line":40,"column":12},"end":{"line":40,"column":85}},{"start":{},"end":{}}],"line":40},"8":{"loc":{"start":{"line":43,"column":12},"end":{"line":46,"column":13}},"type":"if","locations":[{"start":{"line":43,"column":12},"end":{"line":46,"column":13}},{"start":{},"end":{}}],"line":43},"9":{"loc":{"start":{"line":49,"column":12},"end":{"line":52,"column":13}},"type":"if","locations":[{"start":{"line":49,"column":12},"end":{"line":52,"column":13}},{"start":{},"end":{}}],"line":49},"10":{"loc":{"start":{"line":54,"column":12},"end":{"line":57,"column":13}},"type":"if","locations":[{"start":{"line":54,"column":12},"end":{"line":57,"column":13}},{"start":{},"end":{}}],"line":54},"11":{"loc":{"start":{"line":61,"column":12},"end":{"line":68,"column":13}},"type":"if","locations":[{"start":{"line":61,"column":12},"end":{"line":68,"column":13}},{"start":{},"end":{}}],"line":61},"12":{"loc":{"start":{"line":61,"column":16},"end":{"line":61,"column":92}},"type":"binary-expr","locations":[{"start":{"line":61,"column":16},"end":{"line":61,"column":28}},{"start":{"line":61,"column":32},"end":{"line":61,"column":59}},{"start":{"line":61,"column":63},"end":{"line":61,"column":92}}],"line":61}},"s":{"0":1,"1":1,"2":11,"3":11,"4":11,"5":11,"6":11,"7":11,"8":11,"9":11,"10":11,"11":11,"12":11,"13":7,"14":362,"15":7,"16":7,"17":1,"18":6,"19":6,"20":6,"21":6,"22":6,"23":6,"24":0,"25":6,"26":6,"27":5,"28":3,"29":5,"30":5,"31":3,"32":3,"33":2,"34":2,"35":1,"36":1,"37":1,"38":1,"39":1,"40":1,"41":1,"42":0,"43":0,"44":1,"45":1},"f":{"0":11,"1":7,"2":362},"b":{"0":[1],"1":[1],"2":[1,6],"3":[0,6],"4":[6,6,6,6,6],"5":[6,5],"6":[5,1],"7":[3,2],"8":[3,2],"9":[1,1],"10":[1,0],"11":[0,1],"12":[1,0,0]},"_coverageSchema":"1a1c01bbd47fc00a2c39e90264f33305004495a9","hash":"c0527a2629c2d4d6e2f22e74d4def166d322f94c"}
}
