TN:
SF:src/core/backtest-engine.js
FN:6,(anonymous_0)
FN:17,(anonymous_1)
FN:55,(anonymous_2)
FN:86,(anonymous_3)
FN:104,(anonymous_4)
FN:187,(anonymous_5)
FN:203,(anonymous_6)
FN:226,(anonymous_7)
FN:253,(anonymous_8)
FN:254,(anonymous_9)
FN:255,(anonymous_10)
FN:256,(anonymous_11)
FN:267,(anonymous_12)
FN:269,(anonymous_13)
FN:283,(anonymous_14)
FN:283,(anonymous_15)
FN:284,(anonymous_16)
FN:284,(anonymous_17)
FNF:18
FNH:16
FNDA:1,(anonymous_0)
FNDA:0,(anonymous_1)
FNDA:0,(anonymous_2)
FNDA:6,(anonymous_3)
FNDA:5,(anonymous_4)
FNDA:3002,(anonymous_5)
FNDA:1002,(anonymous_6)
FNDA:2,(anonymous_7)
FNDA:3,(anonymous_8)
FNDA:4,(anonymous_9)
FNDA:2,(anonymous_10)
FNDA:2,(anonymous_11)
FNDA:3,(anonymous_12)
FNDA:5,(anonymous_13)
FNDA:2,(anonymous_14)
FNDA:1,(anonymous_15)
FNDA:2,(anonymous_16)
FNDA:1,(anonymous_17)
DA:2,1
DA:3,1
DA:7,1
DA:18,0
DA:19,0
DA:22,0
DA:24,0
DA:25,0
DA:29,0
DA:32,0
DA:34,0
DA:36,0
DA:47,0
DA:48,0
DA:56,0
DA:58,0
DA:59,0
DA:61,0
DA:75,0
DA:76,0
DA:78,0
DA:79,0
DA:87,6
DA:89,6
DA:90,1
DA:91,1
DA:92,1
DA:93,1
DA:94,1
DA:95,1
DA:98,6
DA:105,5
DA:106,5
DA:107,5
DA:109,5
DA:110,5
DA:111,5
DA:113,5
DA:114,1000
DA:117,1000
DA:120,1000
DA:121,1000
DA:122,1000
DA:123,1000
DA:126,1000
DA:128,1000
DA:129,0
DA:136,0
DA:138,0
DA:145,0
DA:147,0
DA:148,0
DA:150,0
DA:152,0
DA:153,0
DA:155,0
DA:163,0
DA:168,1000
DA:169,10
DA:176,5
DA:188,3002
DA:190,2561
DA:191,2561
DA:193,2561
DA:194,71410
DA:197,2561
DA:204,1002
DA:206,931
DA:207,931
DA:209,931
DA:210,13034
DA:211,13034
DA:212,6369
DA:215,931
DA:216,931
DA:217,931
DA:219,931
DA:220,931
DA:227,2
DA:229,1
DA:230,1
DA:231,20
DA:234,1
DA:236,1
DA:237,1
DA:238,20
DA:241,1
DA:243,1
DA:254,4
DA:255,3
DA:256,3
DA:258,3
DA:261,3
DA:262,3
DA:263,5
DA:264,5
DA:267,3
DA:268,3
DA:269,5
DA:271,3
DA:274,3
DA:275,3
DA:276,3
DA:277,8
DA:278,8
DA:279,8
DA:283,3
DA:284,3
DA:285,3
DA:287,3
DA:300,1
LF:111
LH:81
BRDA:17,0,0,0
BRDA:24,1,0,0
BRDA:24,1,1,0
BRDA:89,2,0,1
BRDA:89,2,1,1
BRDA:89,2,2,1
BRDA:89,2,3,1
BRDA:89,2,4,1
BRDA:89,2,5,1
BRDA:126,3,0,1000
BRDA:126,3,1,0
BRDA:128,4,0,0
BRDA:128,4,1,1000
BRDA:128,5,0,1000
BRDA:128,5,1,30
BRDA:128,5,2,0
BRDA:145,6,0,0
BRDA:145,6,1,0
BRDA:148,7,0,0
BRDA:148,7,1,0
BRDA:150,8,0,0
BRDA:150,8,1,0
BRDA:150,9,0,0
BRDA:150,9,1,0
BRDA:160,10,0,0
BRDA:160,10,1,0
BRDA:168,11,0,10
BRDA:168,11,1,990
BRDA:168,12,0,1000
BRDA:168,12,1,995
BRDA:188,13,0,441
BRDA:188,13,1,2561
BRDA:204,14,0,71
BRDA:204,14,1,931
BRDA:211,15,0,6665
BRDA:211,15,1,6369
BRDA:217,16,0,0
BRDA:217,16,1,931
BRDA:227,17,0,1
BRDA:227,17,1,1
BRDA:258,18,0,1
BRDA:258,18,1,2
BRDA:267,19,0,2
BRDA:267,19,1,1
BRDA:268,20,0,2
BRDA:268,20,1,1
BRDA:271,21,0,2
BRDA:271,21,1,1
BRDA:277,22,0,2
BRDA:277,22,1,6
BRDA:279,23,0,2
BRDA:279,23,1,6
BRDA:285,24,0,1
BRDA:285,24,1,2
BRDA:285,25,0,0
BRDA:285,25,1,2
BRF:56
BRH:38
end_of_record
TN:
SF:src/core/technical_indicators.js
FN:7,(anonymous_0)
FN:16,(anonymous_1)
FN:25,(anonymous_2)
FN:34,(anonymous_3)
FN:47,(anonymous_4)
FN:63,(anonymous_5)
FN:77,(anonymous_6)
FNF:7
FNH:7
FNDA:2,(anonymous_0)
FNDA:20,(anonymous_1)
FNDA:8,(anonymous_2)
FNDA:8,(anonymous_3)
FNDA:2,(anonymous_4)
FNDA:3,(anonymous_5)
FNDA:14,(anonymous_6)
DA:1,2
DA:8,2
DA:9,1
DA:10,1
DA:17,20
DA:18,19
DA:19,19
DA:26,8
DA:27,7
DA:28,7
DA:35,8
DA:36,7
DA:41,7
DA:48,2
DA:49,1
DA:57,1
DA:64,3
DA:65,2
DA:67,1
DA:68,1
DA:69,49
DA:70,49
DA:71,49
DA:72,49
DA:75,1
DA:76,1
DA:77,14
DA:79,1
DA:83,2
LF:29
LH:29
BRDA:8,0,0,1
BRDA:8,0,1,1
BRDA:17,1,0,1
BRDA:17,1,1,19
BRDA:25,2,0,0
BRDA:26,3,0,1
BRDA:26,3,1,7
BRDA:34,4,0,0
BRDA:34,5,0,0
BRDA:35,6,0,1
BRDA:35,6,1,7
BRDA:47,7,0,0
BRDA:47,8,0,0
BRDA:47,9,0,0
BRDA:48,10,0,1
BRDA:48,10,1,1
BRDA:63,11,0,0
BRDA:64,12,0,1
BRDA:64,12,1,2
BRDA:64,13,0,3
BRDA:64,13,1,2
BRDA:64,13,2,2
BRDA:65,14,0,1
BRDA:65,14,1,1
BRDA:75,15,0,0
BRDA:75,15,1,1
BRF:26
BRH:18
end_of_record
TN:
SF:src/core/validators.js
FN:2,(anonymous_0)
FN:10,(anonymous_1)
FN:17,(anonymous_2)
FN:25,(anonymous_3)
FN:33,(anonymous_4)
FN:41,(anonymous_5)
FNF:6
FNH:6
FNDA:9,(anonymous_0)
FNDA:5,(anonymous_1)
FNDA:6,(anonymous_2)
FNDA:6,(anonymous_3)
FNDA:6,(anonymous_4)
FNDA:5,(anonymous_5)
DA:3,9
DA:4,9
DA:5,5
DA:7,4
DA:11,5
DA:12,3
DA:14,2
DA:18,6
DA:19,6
DA:20,3
DA:22,3
DA:26,6
DA:27,6
DA:28,3
DA:30,3
DA:34,6
DA:35,6
DA:36,3
DA:38,3
DA:42,5
DA:43,5
DA:44,3
DA:46,2
DA:50,1
LF:24
LH:24
BRDA:4,0,0,5
BRDA:4,0,1,4
BRDA:4,1,0,9
BRDA:4,1,1,7
BRDA:4,1,2,5
BRDA:11,2,0,3
BRDA:11,2,1,2
BRDA:11,3,0,5
BRDA:11,3,1,3
BRDA:19,4,0,3
BRDA:19,4,1,3
BRDA:27,5,0,3
BRDA:27,5,1,3
BRDA:27,6,0,6
BRDA:27,6,1,5
BRDA:35,7,0,3
BRDA:35,7,1,3
BRDA:35,8,0,6
BRDA:35,8,1,5
BRDA:43,9,0,3
BRDA:43,9,1,2
BRF:21
BRH:21
end_of_record
TN:
SF:src/strategies/BaseStrategy.js
FN:3,(anonymous_0)
FN:12,(anonymous_1)
FN:20,(anonymous_2)
FN:27,(anonymous_3)
FNF:4
FNH:2
FNDA:11,(anonymous_0)
FNDA:0,(anonymous_1)
FNDA:0,(anonymous_2)
FNDA:3,(anonymous_3)
DA:4,11
DA:13,0
DA:21,0
DA:28,3
DA:30,2
DA:31,2
DA:32,2
DA:34,2
DA:35,1
DA:36,1
DA:37,1
DA:39,2
DA:40,1
DA:41,1
DA:43,2
DA:44,1
DA:49,1
LF:17
LH:15
BRDA:28,0,0,1
BRDA:28,0,1,2
BRDA:30,1,0,2
BRDA:30,1,1,0
BRDA:34,2,0,1
BRDA:34,2,1,1
BRDA:39,3,0,1
BRDA:39,3,1,1
BRDA:43,4,0,1
BRDA:43,4,1,1
BRF:10
BRH:9
end_of_record
TN:
SF:src/strategies/BoosisTrend.js
FN:5,(anonymous_0)
FN:21,(anonymous_1)
FN:22,(anonymous_2)
FNF:3
FNH:3
FNDA:11,(anonymous_0)
FNDA:7,(anonymous_1)
FNDA:362,(anonymous_2)
DA:1,1
DA:2,1
DA:6,11
DA:9,11
DA:10,11
DA:11,11
DA:12,11
DA:13,11
DA:14,11
DA:15,11
DA:16,11
DA:17,11
DA:18,11
DA:22,362
DA:23,7
DA:25,7
DA:28,6
DA:29,6
DA:30,6
DA:31,6
DA:32,6
DA:34,6
DA:36,6
DA:39,6
DA:40,5
DA:42,5
DA:43,5
DA:44,3
DA:45,3
DA:48,2
DA:49,2
DA:50,1
DA:51,1
DA:54,1
DA:55,1
DA:56,1
DA:59,1
DA:61,1
DA:62,0
DA:63,0
DA:71,1
DA:75,1
LF:42
LH:40
BRDA:21,0,0,1
BRDA:21,1,0,1
BRDA:25,2,0,1
BRDA:25,2,1,6
BRDA:34,3,0,0
BRDA:34,3,1,6
BRDA:34,4,0,6
BRDA:34,4,1,6
BRDA:34,4,2,6
BRDA:34,4,3,6
BRDA:34,4,4,6
BRDA:36,5,0,6
BRDA:36,5,1,5
BRDA:39,6,0,5
BRDA:39,6,1,1
BRDA:40,7,0,3
BRDA:40,7,1,2
BRDA:43,8,0,3
BRDA:43,8,1,2
BRDA:49,9,0,1
BRDA:49,9,1,1
BRDA:54,10,0,1
BRDA:54,10,1,0
BRDA:61,11,0,0
BRDA:61,11,1,1
BRDA:61,12,0,1
BRDA:61,12,1,0
BRDA:61,12,2,0
BRF:28
BRH:23
end_of_record
